<?xml version="1.0" encoding="UTF-8"?>
<!-- Generated by org.testng.reporters.JUnitReportReporter -->
<testsuite hostname="Rambabu" failures="0" tests="1" name="testCases.TC002_logintest" time="1.795" errors="0" timestamp="2024-10-24T00:13:02 IST" skipped="0">
  <testcase classname="testCases.TC002_logintest" name="testlogin" time="1.795"/>
</testsuite> <!-- testCases.TC002_logintest -->
