<?xml version="1.0" encoding="UTF-8"?>
<!-- Generated by org.testng.reporters.JUnitReportReporter -->
<testsuite hostname="Rambabu" failures="0" tests="1" name="testCases.TC001_Accountregistration" time="7.304" errors="0" timestamp="2024-12-16T11:56:56 IST" skipped="0">
  <testcase classname="testCases.TC001_Accountregistration" name="testregistration" time="7.304"/>
</testsuite> <!-- testCases.TC001_Accountregistration -->
